c:\users\pensukdeath\source\repos\game_race_simulator\game_lib\game_lib\x64\release\vc143.pdb
c:\users\pensukdeath\source\repos\game_race_simulator\game_lib\game_lib\x64\release\race.obj
c:\users\pensukdeath\source\repos\game_race_simulator\game_lib\game_lib\x64\release\flyingcarpet.obj
c:\users\pensukdeath\source\repos\game_race_simulator\game_lib\game_lib\x64\release\fastcamel.obj
c:\users\pensukdeath\source\repos\game_race_simulator\game_lib\game_lib\x64\release\eagle.obj
c:\users\pensukdeath\source\repos\game_race_simulator\game_lib\game_lib\x64\release\centaur.obj
c:\users\pensukdeath\source\repos\game_race_simulator\game_lib\game_lib\x64\release\camel.obj
c:\users\pensukdeath\source\repos\game_race_simulator\game_lib\game_lib\x64\release\broom.obj
c:\users\pensukdeath\source\repos\game_race_simulator\game_lib\game_lib\x64\release\allterrainboots.obj
c:\users\pensukdeath\source\repos\game_race_simulator\game_lib\x64\release\gamelib.dll
c:\users\pensukdeath\source\repos\game_race_simulator\game_lib\x64\release\gamelib.pdb
c:\users\pensukdeath\source\repos\game_race_simulator\game_lib\game_lib\x64\release\gamelib.ipdb
c:\users\pensukdeath\source\repos\game_race_simulator\game_lib\game_lib\x64\release\gamelib.iobj
c:\users\pensukdeath\source\repos\game_race_simulator\game_lib\game_lib\x64\release\game_lib.tlog\cl.command.1.tlog
c:\users\pensukdeath\source\repos\game_race_simulator\game_lib\game_lib\x64\release\game_lib.tlog\cl.items.tlog
c:\users\pensukdeath\source\repos\game_race_simulator\game_lib\game_lib\x64\release\game_lib.tlog\cl.read.1.tlog
c:\users\pensukdeath\source\repos\game_race_simulator\game_lib\game_lib\x64\release\game_lib.tlog\cl.write.1.tlog
c:\users\pensukdeath\source\repos\game_race_simulator\game_lib\game_lib\x64\release\game_lib.tlog\link.command.1.tlog
c:\users\pensukdeath\source\repos\game_race_simulator\game_lib\game_lib\x64\release\game_lib.tlog\link.read.1.tlog
c:\users\pensukdeath\source\repos\game_race_simulator\game_lib\game_lib\x64\release\game_lib.tlog\link.secondary.1.tlog
c:\users\pensukdeath\source\repos\game_race_simulator\game_lib\game_lib\x64\release\game_lib.tlog\link.write.1.tlog
